#
# A fatal error has been detected by the Java Runtime Environment:
#
#  SIGSEGV (0xb) at pc=0x00007ff811f7f0e8, pid=23921, tid=83459
#
# JRE version: OpenJDK Runtime Environment AdoptOpenJDK (11.0.10+9) (build 11.0.10+9)
# Java VM: OpenJDK 64-Bit Server VM AdoptOpenJDK (11.0.10+9, mixed mode, tiered, compressed oops, g1 gc, bsd-amd64)
# Problematic frame:
# C  [libsystem_platform.dylib+0x80e8]
#
# No core dump will be written. Core dumps have been disabled. To enable core dumping, try "ulimit -c unlimited" before starting Java again
#
# If you would like to submit a bug report, please visit:
#   https://github.com/AdoptOpenJDK/openjdk-support/issues
#

---------------  S U M M A R Y ------------

Command Line: -ea -agentlib:jdwp=transport=dt_socket,address=127.0.0.1:49749 -Dfile.encoding=UTF-8 bluej.runtime.ExecServer UTF-8

Host: MacBookAir10,1 x86_64 2400 MHz, 8 cores, 8G, Darwin 21.6.0
Time: Thu Sep  1 17:04:34 2022 NZST elapsed time: 5.024103 seconds (0d 0h 0m 5s)

---------------  T H R E A D  ---------------

Current thread is native thread

Stack: [0x0000000306469000,0x00000003064ec000],  sp=0x00000003064eb178,  free space=520k
Native frames: (J=compiled Java code, A=aot compiled Java code, j=interpreted, Vv=VM code, C=native code)
C  [libsystem_platform.dylib+0x80e8]
C  [CoreFoundation+0x22e2]  CFStringCreateWithCString+0x43
C  [Metal+0x25375]  ___ZN25MTLLibraryDataWithArchive21allocateFunctionNamesEv_block_invoke+0x8e
C  [libdispatch.dylib+0x3317]  _dispatch_client_callout+0x8
C  [libdispatch.dylib+0x107ee]  _dispatch_lane_barrier_sync_invoke_and_complete+0x3c
C  [Metal+0x9dc64]  _ZN25MTLLibraryDataWithArchive13functionNamesEv+0x46
C  [CoreImage+0x2560d5]  ___ZN2CI17StitchableKernelsC2EPKNS_12MetalContextE_block_invoke+0xf8
C  [libdispatch.dylib+0x103c0]  _dispatch_block_async_invoke2+0x53
C  [libdispatch.dylib+0x3317]  _dispatch_client_callout+0x8
C  [libdispatch.dylib+0x9317]  _dispatch_lane_serial_drain+0x2a0
C  [libdispatch.dylib+0x9e30]  _dispatch_lane_invoke+0x1a1
C  [libdispatch.dylib+0x13eee]  _dispatch_workloop_worker_thread+0x2f1
C  [libsystem_pthread.dylib+0x2fd0]  _pthread_wqthread+0x146
C  [libsystem_pthread.dylib+0x1f57]  start_wqthread+0xf


siginfo: si_signo: 11 (SIGSEGV), si_code: 1 (SEGV_MAPERR), si_addr: 0x000000012df4e2d0

Register to memory mapping:

RAX=0x0 is NULL
RBX=
[error occurred during error reporting (printing register info), id 0xb, SIGSEGV (0xb) at pc=0x000000010a12a6c4]

Registers:
RAX=0x0000000000000000, RBX=0x0000600001ef8011, RCX=0x0000000000000004, RDX=0x0000000000000011
RSP=0x00000003064eb178, RBP=0x00000003064eb610, RSI=0x0000600001e841c1, RDI=0x0000600001ef8011
R8 =0x0000000000000000, R9 =0x0000000000000000, R10=0x0000000000000000, R11=0x000060000123be78
R12=0xaba896462e979201, R13=0x0000600001e841c1, R14=0x0000600001ef8000, R15=0x0000000000000011
RIP=0x00007ff811f7f0e8, EFLAGS=0x0000000000000247, ERR=0x0000000000000004
  TRAPNO=0x000000000000000e

Top of Stack: (sp=0x00000003064eb178)
0x00000003064eb178:   00007ff811faed5b 0000000000000001
0x00000003064eb188:   00007f96cef35728 aba896462e979201
0x00000003064eb198:   00007ff854a85d70 0000000008000100
0x00000003064eb1a8:   0000000000000011 00007ff854a85d70
0x00000003064eb1b8:   0000600001e841c1 0000000100000000
0x00000003064eb1c8:   0000007072656c5f 00000003064eb610
0x00000003064eb1d8:   0000000000000001 0351756ffff1ca10
0x00000003064eb1e8:   548ed1e26ac9a55f 96ba365019d50053
0x00000003064eb1f8:   00000003064eb318 00000003064eb31e
0x00000003064eb208:   00007f96cef35620 00000003064eb610
0x00000003064eb218:   00007f96cef35698 00000003064eb350
0x00000003064eb228:   00007ff81ad913fc 00020001424c544d
0x00000003064eb238:   0005000c81000006 000000000039cb2a
0x00000003064eb248:   0000000000000058 96ba365019d50053
0x00000003064eb258:   00000003064eb318 00000003064eb31e
0x00000003064eb268:   00007f96cef35620 00000003064eb610
0x00000003064eb278:   00007f96cef35698 00000003064eb350
0x00000003064eb288:   00007ff81ad91436 00007ff8534edd78
0x00000003064eb298:   00000003064eb2b8 00007f96cef356f8
0x00000003064eb2a8:   000000000001007b 00000003064eb290
0x00000003064eb2b8:   0000000000000004 0000000000000000
0x00000003064eb2c8:   0000000000000000 000001f1ffffffff
0x00000003064eb2d8:   0002000100000085 00000003000001f1
0x00000003064eb2e8:   0000000100000000 0000000000000000
0x00000003064eb2f8:   00007ff853c6d990 0000000000000004
0x00000003064eb308:   0000600003300000 0000000108bb5000
0x00000003064eb318:   0000600003302490 0000005019d50053
0x00000003064eb328:   0000000000000004 0000000000000004
0x00000003064eb338:   0000000108bb5000 0000000108bb5800
0x00000003064eb348:   0000000000000005 00000003064eb3b0
0x00000003064eb358:   00007ff811d80677 00007ff85367c8c0
0x00000003064eb368:   0000000000000005 00000003064e0000 

Instructions: (pc=0x00007ff811f7f0e8)
0x00007ff811f7efe8:   5b 0a 00 00 48 89 0d 6d 25 73 41 48 89 05 96 25
0x00007ff811f7eff8:   73 41 0f 0b 48 63 c7 48 8d 0d 0e 0b 00 00 48 89
0x00007ff811f7f008:   0d 53 25 73 41 48 89 05 7c 25 73 41 0f 0b 48 8d
0x00007ff811f7f018:   0d a5 0a 00 00 48 c7 c0 d3 fe ff ff 48 89 0d 35
0x00007ff811f7f028:   25 73 41 48 89 05 5e 25 73 41 0f 0b 48 63 c7 48
0x00007ff811f7f038:   8d 0d 22 0b 00 00 48 89 0d 1b 25 73 41 48 89 05
0x00007ff811f7f048:   44 25 73 41 0f 0b 48 63 c7 48 8d 0d 42 0b 00 00
0x00007ff811f7f058:   48 89 0d 01 25 73 41 48 89 05 2a 25 73 41 0f 0b
0x00007ff811f7f068:   48 63 c7 48 8d 0d 61 0b 00 00 48 89 0d e7 24 73
0x00007ff811f7f078:   41 48 89 05 10 25 73 41 0f 0b ff 25 d0 3b 70 41
0x00007ff811f7f088:   ff 25 d2 3b 70 41 ff 25 d4 3b 70 41 ff 25 66 4f
0x00007ff811f7f098:   b0 42 ff 25 68 4f b0 42 ff 25 6a 4f b0 42 ff 25
0x00007ff811f7f0a8:   6c 4f b0 42 ff 25 6e 4f b0 42 ff 25 70 4f b0 42
0x00007ff811f7f0b8:   ff 25 72 4f b0 42 ff 25 74 4f b0 42 ff 25 76 4f
0x00007ff811f7f0c8:   b0 42 ff 25 78 4f b0 42 ff 25 7a 4f b0 42 ff 25
0x00007ff811f7f0d8:   94 3b 70 41 ff 25 96 3b 70 41 ff 25 98 3b 70 41
0x00007ff811f7f0e8:   ff 25 9a 3b 70 41 ff 25 9c 3b 70 41 ff 25 9e 3b
0x00007ff811f7f0f8:   70 41 ff 25 a0 3b 70 41 ff 25 a2 3b 70 41 ff 25
0x00007ff811f7f108:   a4 3b 70 41 ff 25 56 4f b0 42 ff 25 58 4f b0 42
0x00007ff811f7f118:   ff 25 5a 4f b0 42 ff 25 5c 4f b0 42 ff 25 5e 4f
0x00007ff811f7f128:   b0 42 ff 25 60 4f b0 42 ff 25 62 4f b0 42 ff 25
0x00007ff811f7f138:   64 4f b0 42 ff 25 66 4f b0 42 ff 25 68 4f b0 42
0x00007ff811f7f148:   ff 25 6a 4f b0 42 ff 25 74 4f b0 42 ff 25 76 4f
0x00007ff811f7f158:   b0 42 ff 25 78 4f b0 42 ff 25 7a 4f b0 42 ff 25
0x00007ff811f7f168:   7c 4f b0 42 ff 25 7e 4f b0 42 ff 25 80 4f b0 42
0x00007ff811f7f178:   ff 25 82 4f b0 42 ff 25 84 4f b0 42 ff 25 86 4f
0x00007ff811f7f188:   b0 42 ff 25 88 4f b0 42 ff 25 8a 4f b0 42 ff 25
0x00007ff811f7f198:   8c 4f b0 42 ff 25 8e 4f b0 42 ff 25 90 4f b0 42
0x00007ff811f7f1a8:   ff 25 92 4f b0 42 ff 25 94 4f b0 42 ff 25 96 4f
0x00007ff811f7f1b8:   b0 42 ff 25 98 4f b0 42 ff 25 9a 4f b0 42 ff 25
0x00007ff811f7f1c8:   9c 4f b0 42 ff 25 9e 4f b0 42 ff 25 a0 4f b0 42
0x00007ff811f7f1d8:   ff 25 a2 4f b0 42 ff 25 ac 4f b0 42 50 57 56 52 


Stack slot to memory mapping:
stack at sp + 0 slots: 
[error occurred during error reporting (inspecting top of stack), id 0xb, SIGSEGV (0xb) at pc=0x000000010a12a6c4]


---------------  P R O C E S S  ---------------

VM state:not at safepoint (normal execution)

VM Mutex/Monitor currently owned by a thread: None

Heap address: 0x0000000780000000, size: 2048 MB, Compressed Oops mode: Zero based, Oop shift amount: 3
Narrow klass base: 0x0000000800000000, Narrow klass shift: 0
Compressed class space size: 1073741824 Address: 0x0000000800000000

Heap:
 garbage-first heap   total 131072K, used 20480K [0x0000000780000000, 0x0000000800000000)
  region size 1024K, 18 young (18432K), 0 survivors (0K)
 Metaspace       used 17936K, capacity 18491K, committed 18688K, reserved 1064960K
  class space    used 1991K, capacity 2239K, committed 2304K, reserved 1048576K
Heap Regions: E=young(eden), S=young(survivor), O=old, HS=humongous(starts), HC=humongous(continues), CS=collection set, F=free, A=archive, TAMS=top-at-mark-start (previous, next)
|   0|0x0000000780000000, 0x0000000780100000, 0x0000000780100000|100%|HS|  |TAMS 0x0000000780000000, 0x0000000780000000| Complete 
|   1|0x0000000780100000, 0x0000000780200000, 0x0000000780200000|100%|HC|  |TAMS 0x0000000780100000, 0x0000000780100000| Complete 
|   2|0x0000000780200000, 0x0000000780300000, 0x0000000780300000|100%|HC|  |TAMS 0x0000000780200000, 0x0000000780200000| Complete 
|   3|0x0000000780300000, 0x0000000780400000, 0x0000000780400000|100%|HC|  |TAMS 0x0000000780300000, 0x0000000780300000| Complete 
|   4|0x0000000780400000, 0x0000000780400000, 0x0000000780500000|  0%| F|  |TAMS 0x0000000780400000, 0x0000000780400000| Untracked 
|   5|0x0000000780500000, 0x0000000780500000, 0x0000000780600000|  0%| F|  |TAMS 0x0000000780500000, 0x0000000780500000| Untracked 
|   6|0x0000000780600000, 0x0000000780600000, 0x0000000780700000|  0%| F|  |TAMS 0x0000000780600000, 0x0000000780600000| Untracked 
|   7|0x0000000780700000, 0x0000000780700000, 0x0000000780800000|  0%| F|  |TAMS 0x0000000780700000, 0x0000000780700000| Untracked 
|   8|0x0000000780800000, 0x0000000780800000, 0x0000000780900000|  0%| F|  |TAMS 0x0000000780800000, 0x0000000780800000| Untracked 
|   9|0x0000000780900000, 0x0000000780900000, 0x0000000780a00000|  0%| F|  |TAMS 0x0000000780900000, 0x0000000780900000| Untracked 
|  10|0x0000000780a00000, 0x0000000780a00000, 0x0000000780b00000|  0%| F|  |TAMS 0x0000000780a00000, 0x0000000780a00000| Untracked 
|  11|0x0000000780b00000, 0x0000000780b00000, 0x0000000780c00000|  0%| F|  |TAMS 0x0000000780b00000, 0x0000000780b00000| Untracked 
|  12|0x0000000780c00000, 0x0000000780c00000, 0x0000000780d00000|  0%| F|  |TAMS 0x0000000780c00000, 0x0000000780c00000| Untracked 
|  13|0x0000000780d00000, 0x0000000780d00000, 0x0000000780e00000|  0%| F|  |TAMS 0x0000000780d00000, 0x0000000780d00000| Untracked 
|  14|0x0000000780e00000, 0x0000000780e00000, 0x0000000780f00000|  0%| F|  |TAMS 0x0000000780e00000, 0x0000000780e00000| Untracked 
|  15|0x0000000780f00000, 0x0000000780f00000, 0x0000000781000000|  0%| F|  |TAMS 0x0000000780f00000, 0x0000000780f00000| Untracked 
|  16|0x0000000781000000, 0x0000000781000000, 0x0000000781100000|  0%| F|  |TAMS 0x0000000781000000, 0x0000000781000000| Untracked 
|  17|0x0000000781100000, 0x0000000781100000, 0x0000000781200000|  0%| F|  |TAMS 0x0000000781100000, 0x0000000781100000| Untracked 
|  18|0x0000000781200000, 0x0000000781200000, 0x0000000781300000|  0%| F|  |TAMS 0x0000000781200000, 0x0000000781200000| Untracked 
|  19|0x0000000781300000, 0x0000000781300000, 0x0000000781400000|  0%| F|  |TAMS 0x0000000781300000, 0x0000000781300000| Untracked 
|  20|0x0000000781400000, 0x0000000781400000, 0x0000000781500000|  0%| F|  |TAMS 0x0000000781400000, 0x0000000781400000| Untracked 
|  21|0x0000000781500000, 0x0000000781500000, 0x0000000781600000|  0%| F|  |TAMS 0x0000000781500000, 0x0000000781500000| Untracked 
|  22|0x0000000781600000, 0x0000000781600000, 0x0000000781700000|  0%| F|  |TAMS 0x0000000781600000, 0x0000000781600000| Untracked 
|  23|0x0000000781700000, 0x0000000781700000, 0x0000000781800000|  0%| F|  |TAMS 0x0000000781700000, 0x0000000781700000| Untracked 
|  24|0x0000000781800000, 0x0000000781800000, 0x0000000781900000|  0%| F|  |TAMS 0x0000000781800000, 0x0000000781800000| Untracked 
|  25|0x0000000781900000, 0x0000000781900000, 0x0000000781a00000|  0%| F|  |TAMS 0x0000000781900000, 0x0000000781900000| Untracked 
|  26|0x0000000781a00000, 0x0000000781a00000, 0x0000000781b00000|  0%| F|  |TAMS 0x0000000781a00000, 0x0000000781a00000| Untracked 
|  27|0x0000000781b00000, 0x0000000781b00000, 0x0000000781c00000|  0%| F|  |TAMS 0x0000000781b00000, 0x0000000781b00000| Untracked 
|  28|0x0000000781c00000, 0x0000000781c00000, 0x0000000781d00000|  0%| F|  |TAMS 0x0000000781c00000, 0x0000000781c00000| Untracked 
|  29|0x0000000781d00000, 0x0000000781d00000, 0x0000000781e00000|  0%| F|  |TAMS 0x0000000781d00000, 0x0000000781d00000| Untracked 
|  30|0x0000000781e00000, 0x0000000781e00000, 0x0000000781f00000|  0%| F|  |TAMS 0x0000000781e00000, 0x0000000781e00000| Untracked 
|  31|0x0000000781f00000, 0x0000000781f00000, 0x0000000782000000|  0%| F|  |TAMS 0x0000000781f00000, 0x0000000781f00000| Untracked 
|  32|0x0000000782000000, 0x0000000782000000, 0x0000000782100000|  0%| F|  |TAMS 0x0000000782000000, 0x0000000782000000| Untracked 
|  33|0x0000000782100000, 0x0000000782100000, 0x0000000782200000|  0%| F|  |TAMS 0x0000000782100000, 0x0000000782100000| Untracked 
|  34|0x0000000782200000, 0x0000000782200000, 0x0000000782300000|  0%| F|  |TAMS 0x0000000782200000, 0x0000000782200000| Untracked 
|  35|0x0000000782300000, 0x0000000782300000, 0x0000000782400000|  0%| F|  |TAMS 0x0000000782300000, 0x0000000782300000| Untracked 
|  36|0x0000000782400000, 0x0000000782400000, 0x0000000782500000|  0%| F|  |TAMS 0x0000000782400000, 0x0000000782400000| Untracked 
|  37|0x0000000782500000, 0x0000000782500000, 0x0000000782600000|  0%| F|  |TAMS 0x0000000782500000, 0x0000000782500000| Untracked 
|  38|0x0000000782600000, 0x0000000782600000, 0x0000000782700000|  0%| F|  |TAMS 0x0000000782600000, 0x0000000782600000| Untracked 
|  39|0x0000000782700000, 0x0000000782700000, 0x0000000782800000|  0%| F|  |TAMS 0x0000000782700000, 0x0000000782700000| Untracked 
|  40|0x0000000782800000, 0x0000000782800000, 0x0000000782900000|  0%| F|  |TAMS 0x0000000782800000, 0x0000000782800000| Untracked 
|  41|0x0000000782900000, 0x0000000782900000, 0x0000000782a00000|  0%| F|  |TAMS 0x0000000782900000, 0x0000000782900000| Untracked 
|  42|0x0000000782a00000, 0x0000000782a00000, 0x0000000782b00000|  0%| F|  |TAMS 0x0000000782a00000, 0x0000000782a00000| Untracked 
|  43|0x0000000782b00000, 0x0000000782b00000, 0x0000000782c00000|  0%| F|  |TAMS 0x0000000782b00000, 0x0000000782b00000| Untracked 
|  44|0x0000000782c00000, 0x0000000782c00000, 0x0000000782d00000|  0%| F|  |TAMS 0x0000000782c00000, 0x0000000782c00000| Untracked 
|  45|0x0000000782d00000, 0x0000000782d00000, 0x0000000782e00000|  0%| F|  |TAMS 0x0000000782d00000, 0x0000000782d00000| Untracked 
|  46|0x0000000782e00000, 0x0000000782e00000, 0x0000000782f00000|  0%| F|  |TAMS 0x0000000782e00000, 0x0000000782e00000| Untracked 
|  47|0x0000000782f00000, 0x0000000782f00000, 0x0000000783000000|  0%| F|  |TAMS 0x0000000782f00000, 0x0000000782f00000| Untracked 
|  48|0x0000000783000000, 0x0000000783000000, 0x0000000783100000|  0%| F|  |TAMS 0x0000000783000000, 0x0000000783000000| Untracked 
|  49|0x0000000783100000, 0x0000000783100000, 0x0000000783200000|  0%| F|  |TAMS 0x0000000783100000, 0x0000000783100000| Untracked 
|  50|0x0000000783200000, 0x0000000783200000, 0x0000000783300000|  0%| F|  |TAMS 0x0000000783200000, 0x0000000783200000| Untracked 
|  51|0x0000000783300000, 0x0000000783300000, 0x0000000783400000|  0%| F|  |TAMS 0x0000000783300000, 0x0000000783300000| Untracked 
|  52|0x0000000783400000, 0x0000000783400000, 0x0000000783500000|  0%| F|  |TAMS 0x0000000783400000, 0x0000000783400000| Untracked 
|  53|0x0000000783500000, 0x0000000783500000, 0x0000000783600000|  0%| F|  |TAMS 0x0000000783500000, 0x0000000783500000| Untracked 
|  54|0x0000000783600000, 0x0000000783600000, 0x0000000783700000|  0%| F|  |TAMS 0x0000000783600000, 0x0000000783600000| Untracked 
|  55|0x0000000783700000, 0x0000000783700000, 0x0000000783800000|  0%| F|  |TAMS 0x0000000783700000, 0x0000000783700000| Untracked 
|  56|0x0000000783800000, 0x0000000783800000, 0x0000000783900000|  0%| F|  |TAMS 0x0000000783800000, 0x0000000783800000| Untracked 
|  57|0x0000000783900000, 0x0000000783900000, 0x0000000783a00000|  0%| F|  |TAMS 0x0000000783900000, 0x0000000783900000| Untracked 
|  58|0x0000000783a00000, 0x0000000783a00000, 0x0000000783b00000|  0%| F|  |TAMS 0x0000000783a00000, 0x0000000783a00000| Untracked 
|  59|0x0000000783b00000, 0x0000000783b00000, 0x0000000783c00000|  0%| F|  |TAMS 0x0000000783b00000, 0x0000000783b00000| Untracked 
|  60|0x0000000783c00000, 0x0000000783c00000, 0x0000000783d00000|  0%| F|  |TAMS 0x0000000783c00000, 0x0000000783c00000| Untracked 
|  61|0x0000000783d00000, 0x0000000783d00000, 0x0000000783e00000|  0%| F|  |TAMS 0x0000000783d00000, 0x0000000783d00000| Untracked 
|  62|0x0000000783e00000, 0x0000000783e00000, 0x0000000783f00000|  0%| F|  |TAMS 0x0000000783e00000, 0x0000000783e00000| Untracked 
|  63|0x0000000783f00000, 0x0000000783f00000, 0x0000000784000000|  0%| F|  |TAMS 0x0000000783f00000, 0x0000000783f00000| Untracked 
|  64|0x0000000784000000, 0x0000000784000000, 0x0000000784100000|  0%| F|  |TAMS 0x0000000784000000, 0x0000000784000000| Untracked 
|  65|0x0000000784100000, 0x0000000784100000, 0x0000000784200000|  0%| F|  |TAMS 0x0000000784100000, 0x0000000784100000| Untracked 
|  66|0x0000000784200000, 0x0000000784200000, 0x0000000784300000|  0%| F|  |TAMS 0x0000000784200000, 0x0000000784200000| Untracked 
|  67|0x0000000784300000, 0x0000000784300000, 0x0000000784400000|  0%| F|  |TAMS 0x0000000784300000, 0x0000000784300000| Untracked 
|  68|0x0000000784400000, 0x0000000784400000, 0x0000000784500000|  0%| F|  |TAMS 0x0000000784400000, 0x0000000784400000| Untracked 
|  69|0x0000000784500000, 0x0000000784500000, 0x0000000784600000|  0%| F|  |TAMS 0x0000000784500000, 0x0000000784500000| Untracked 
|  70|0x0000000784600000, 0x0000000784600000, 0x0000000784700000|  0%| F|  |TAMS 0x0000000784600000, 0x0000000784600000| Untracked 
|  71|0x0000000784700000, 0x0000000784700000, 0x0000000784800000|  0%| F|  |TAMS 0x0000000784700000, 0x0000000784700000| Untracked 
|  72|0x0000000784800000, 0x0000000784800000, 0x0000000784900000|  0%| F|  |TAMS 0x0000000784800000, 0x0000000784800000| Untracked 
|  73|0x0000000784900000, 0x0000000784900000, 0x0000000784a00000|  0%| F|  |TAMS 0x0000000784900000, 0x0000000784900000| Untracked 
|  74|0x0000000784a00000, 0x0000000784a00000, 0x0000000784b00000|  0%| F|  |TAMS 0x0000000784a00000, 0x0000000784a00000| Untracked 
|  75|0x0000000784b00000, 0x0000000784b00000, 0x0000000784c00000|  0%| F|  |TAMS 0x0000000784b00000, 0x0000000784b00000| Untracked 
|  76|0x0000000784c00000, 0x0000000784c00000, 0x0000000784d00000|  0%| F|  |TAMS 0x0000000784c00000, 0x0000000784c00000| Untracked 
|  77|0x0000000784d00000, 0x0000000784d00000, 0x0000000784e00000|  0%| F|  |TAMS 0x0000000784d00000, 0x0000000784d00000| Untracked 
|  78|0x0000000784e00000, 0x0000000784e00000, 0x0000000784f00000|  0%| F|  |TAMS 0x0000000784e00000, 0x0000000784e00000| Untracked 
|  79|0x0000000784f00000, 0x0000000784f00000, 0x0000000785000000|  0%| F|  |TAMS 0x0000000784f00000, 0x0000000784f00000| Untracked 
|  80|0x0000000785000000, 0x0000000785000000, 0x0000000785100000|  0%| F|  |TAMS 0x0000000785000000, 0x0000000785000000| Untracked 
|  81|0x0000000785100000, 0x0000000785100000, 0x0000000785200000|  0%| F|  |TAMS 0x0000000785100000, 0x0000000785100000| Untracked 
|  82|0x0000000785200000, 0x0000000785200000, 0x0000000785300000|  0%| F|  |TAMS 0x0000000785200000, 0x0000000785200000| Untracked 
|  83|0x0000000785300000, 0x0000000785300000, 0x0000000785400000|  0%| F|  |TAMS 0x0000000785300000, 0x0000000785300000| Untracked 
|  84|0x0000000785400000, 0x0000000785400000, 0x0000000785500000|  0%| F|  |TAMS 0x0000000785400000, 0x0000000785400000| Untracked 
|  85|0x0000000785500000, 0x0000000785500000, 0x0000000785600000|  0%| F|  |TAMS 0x0000000785500000, 0x0000000785500000| Untracked 
|  86|0x0000000785600000, 0x0000000785600000, 0x0000000785700000|  0%| F|  |TAMS 0x0000000785600000, 0x0000000785600000| Untracked 
|  87|0x0000000785700000, 0x0000000785700000, 0x0000000785800000|  0%| F|  |TAMS 0x0000000785700000, 0x0000000785700000| Untracked 
|  88|0x0000000785800000, 0x0000000785800000, 0x0000000785900000|  0%| F|  |TAMS 0x0000000785800000, 0x0000000785800000| Untracked 
|  89|0x0000000785900000, 0x0000000785900000, 0x0000000785a00000|  0%| F|  |TAMS 0x0000000785900000, 0x0000000785900000| Untracked 
|  90|0x0000000785a00000, 0x0000000785a00000, 0x0000000785b00000|  0%| F|  |TAMS 0x0000000785a00000, 0x0000000785a00000| Untracked 
|  91|0x0000000785b00000, 0x0000000785b00000, 0x0000000785c00000|  0%| F|  |TAMS 0x0000000785b00000, 0x0000000785b00000| Untracked 
|  92|0x0000000785c00000, 0x0000000785c00000, 0x0000000785d00000|  0%| F|  |TAMS 0x0000000785c00000, 0x0000000785c00000| Untracked 
|  93|0x0000000785d00000, 0x0000000785d00000, 0x0000000785e00000|  0%| F|  |TAMS 0x0000000785d00000, 0x0000000785d00000| Untracked 
|  94|0x0000000785e00000, 0x0000000785e00000, 0x0000000785f00000|  0%| F|  |TAMS 0x0000000785e00000, 0x0000000785e00000| Untracked 
|  95|0x0000000785f00000, 0x0000000785f00000, 0x0000000786000000|  0%| F|  |TAMS 0x0000000785f00000, 0x0000000785f00000| Untracked 
|  96|0x0000000786000000, 0x0000000786000000, 0x0000000786100000|  0%| F|  |TAMS 0x0000000786000000, 0x0000000786000000| Untracked 
|  97|0x0000000786100000, 0x0000000786100000, 0x0000000786200000|  0%| F|  |TAMS 0x0000000786100000, 0x0000000786100000| Untracked 
|  98|0x0000000786200000, 0x0000000786200000, 0x0000000786300000|  0%| F|  |TAMS 0x0000000786200000, 0x0000000786200000| Untracked 
|  99|0x0000000786300000, 0x0000000786300000, 0x0000000786400000|  0%| F|  |TAMS 0x0000000786300000, 0x0000000786300000| Untracked 
| 100|0x0000000786400000, 0x0000000786400000, 0x0000000786500000|  0%| F|  |TAMS 0x0000000786400000, 0x0000000786400000| Untracked 
| 101|0x0000000786500000, 0x0000000786500000, 0x0000000786600000|  0%| F|  |TAMS 0x0000000786500000, 0x0000000786500000| Untracked 
| 102|0x0000000786600000, 0x0000000786600000, 0x0000000786700000|  0%| F|  |TAMS 0x0000000786600000, 0x0000000786600000| Untracked 
| 103|0x0000000786700000, 0x0000000786700000, 0x0000000786800000|  0%| F|  |TAMS 0x0000000786700000, 0x0000000786700000| Untracked 
| 104|0x0000000786800000, 0x0000000786800000, 0x0000000786900000|  0%| F|  |TAMS 0x0000000786800000, 0x0000000786800000| Untracked 
| 105|0x0000000786900000, 0x0000000786900000, 0x0000000786a00000|  0%| F|  |TAMS 0x0000000786900000, 0x0000000786900000| Untracked 
| 106|0x0000000786a00000, 0x0000000786a00000, 0x0000000786b00000|  0%| F|  |TAMS 0x0000000786a00000, 0x0000000786a00000| Untracked 
| 107|0x0000000786b00000, 0x0000000786b00000, 0x0000000786c00000|  0%| F|  |TAMS 0x0000000786b00000, 0x0000000786b00000| Untracked 
| 108|0x0000000786c00000, 0x0000000786c00000, 0x0000000786d00000|  0%| F|  |TAMS 0x0000000786c00000, 0x0000000786c00000| Untracked 
| 109|0x0000000786d00000, 0x0000000786d00000, 0x0000000786e00000|  0%| F|  |TAMS 0x0000000786d00000, 0x0000000786d00000| Untracked 
| 110|0x0000000786e00000, 0x0000000786e7b660, 0x0000000786f00000| 48%| E|  |TAMS 0x0000000786e00000, 0x0000000786e00000| Complete 
| 111|0x0000000786f00000, 0x0000000787000000, 0x0000000787000000|100%| E|CS|TAMS 0x0000000786f00000, 0x0000000786f00000| Complete 
| 112|0x0000000787000000, 0x0000000787100000, 0x0000000787100000|100%| E|CS|TAMS 0x0000000787000000, 0x0000000787000000| Complete 
| 113|0x0000000787100000, 0x0000000787200000, 0x0000000787200000|100%| E|CS|TAMS 0x0000000787100000, 0x0000000787100000| Complete 
| 114|0x0000000787200000, 0x0000000787300000, 0x0000000787300000|100%| E|CS|TAMS 0x0000000787200000, 0x0000000787200000| Complete 
| 115|0x0000000787300000, 0x0000000787400000, 0x0000000787400000|100%| E|CS|TAMS 0x0000000787300000, 0x0000000787300000| Complete 
| 116|0x0000000787400000, 0x0000000787500000, 0x0000000787500000|100%| E|CS|TAMS 0x0000000787400000, 0x0000000787400000| Complete 
| 117|0x0000000787500000, 0x0000000787600000, 0x0000000787600000|100%| E|CS|TAMS 0x0000000787500000, 0x0000000787500000| Complete 
| 118|0x0000000787600000, 0x0000000787700000, 0x0000000787700000|100%| E|CS|TAMS 0x0000000787600000, 0x0000000787600000| Complete 
| 119|0x0000000787700000, 0x0000000787800000, 0x0000000787800000|100%| E|CS|TAMS 0x0000000787700000, 0x0000000787700000| Complete 
| 120|0x0000000787800000, 0x0000000787900000, 0x0000000787900000|100%| E|CS|TAMS 0x0000000787800000, 0x0000000787800000| Complete 
| 121|0x0000000787900000, 0x0000000787a00000, 0x0000000787a00000|100%| E|CS|TAMS 0x0000000787900000, 0x0000000787900000| Complete 
| 122|0x0000000787a00000, 0x0000000787b00000, 0x0000000787b00000|100%| E|CS|TAMS 0x0000000787a00000, 0x0000000787a00000| Complete 
| 123|0x0000000787b00000, 0x0000000787c00000, 0x0000000787c00000|100%| E|CS|TAMS 0x0000000787b00000, 0x0000000787b00000| Complete 
| 124|0x0000000787c00000, 0x0000000787d00000, 0x0000000787d00000|100%| E|  |TAMS 0x0000000787c00000, 0x0000000787c00000| Complete 
| 125|0x0000000787d00000, 0x0000000787e00000, 0x0000000787e00000|100%| E|CS|TAMS 0x0000000787d00000, 0x0000000787d00000| Complete 
| 126|0x0000000787e00000, 0x0000000787f00000, 0x0000000787f00000|100%| E|CS|TAMS 0x0000000787e00000, 0x0000000787e00000| Complete 
| 127|0x0000000787f00000, 0x0000000788000000, 0x0000000788000000|100%| E|CS|TAMS 0x0000000787f00000, 0x0000000787f00000| Complete 

Card table byte_map: [0x0000000109417000,0x0000000109817000] _byte_map_base: 0x0000000105817000

Marking Bits (Prev, Next): (CMBitMap*) 0x00007f96d0034018, (CMBitMap*) 0x00007f96d0034050
 Prev Bits: [0x00000001236d9000, 0x00000001256d9000)
 Next Bits: [0x00000001256d9000, 0x00000001276d9000)

Polling page: 0x000000010058e000

Metaspace:

Usage:
  Non-class:     15.87 MB capacity,    15.57 MB ( 98%) used,   253.68 KB (  2%) free+waste,    53.12 KB ( <1%) overhead. 
      Class:      2.19 MB capacity,     1.94 MB ( 89%) used,   219.15 KB ( 10%) free+waste,    28.25 KB (  1%) overhead. 
       Both:     18.06 MB capacity,    17.52 MB ( 97%) used,   472.83 KB (  3%) free+waste,    81.38 KB ( <1%) overhead. 

Virtual space:
  Non-class space:       16.00 MB reserved,      16.00 MB (100%) committed 
      Class space:        1.00 GB reserved,       2.25 MB ( <1%) committed 
             Both:        1.02 GB reserved,      18.25 MB (  2%) committed 

Chunk freelists:
   Non-Class:  8.00 KB
       Class:  1.00 KB
        Both:  9.00 KB

MaxMetaspaceSize: unlimited
CompressedClassSpaceSize: 1.00 GB

CodeHeap 'non-profiled nmethods': size=120032Kb used=431Kb max_used=431Kb free=119600Kb
 bounds [0x000000011bda1000, 0x000000011c011000, 0x00000001232d9000]
CodeHeap 'profiled nmethods': size=120028Kb used=2165Kb max_used=2165Kb free=117862Kb
 bounds [0x000000011486a000, 0x0000000114ada000, 0x000000011bda1000]
CodeHeap 'non-nmethods': size=5700Kb used=1291Kb max_used=1303Kb free=4408Kb
 bounds [0x00000001142d9000, 0x0000000114549000, 0x000000011486a000]
 total_blobs=1904 nmethods=1271 adapters=555
 compilation: enabled
              stopped_count=0, restarted_count=0
 full_count=0

Compilation events (20 events):
Event: 5.010 Thread 0x00007f96d00ec000 1261  s    3       sun.java2d.opengl.OGLRenderQueue::getInstance (20 bytes)
Event: 5.010 Thread 0x00007f96d00ec000 nmethod 1261 0x0000000114a84510 code [0x0000000114a847c0, 0x0000000114a857f0]
Event: 5.011 Thread 0x00007f96d00ec000 1263       1       sun.java2d.pipe.Region::getLoX (5 bytes)
Event: 5.011 Thread 0x00007f96d00ec000 nmethod 1263 0x000000011be0c390 code [0x000000011be0c540, 0x000000011be0c5f0]
Event: 5.011 Thread 0x00007f96d00ec000 1265       3       sun.java2d.pipe.RenderQueue::unlock (4 bytes)
Event: 5.011 Thread 0x00007f96d00ec000 nmethod 1265 0x0000000114a85c90 code [0x0000000114a85e60, 0x0000000114a86100]
Event: 5.011 Thread 0x00007f96d00ec000 1266       3       sun.java2d.pipe.RenderQueue::ensureAlignment (28 bytes)
Event: 5.011 Thread 0x00007f96d00ec000 nmethod 1266 0x0000000114a86210 code [0x0000000114a863e0, 0x0000000114a86690]
Event: 5.011 Thread 0x00007f96d00ec000 1268       3       java.awt.geom.AffineTransform::<init> (69 bytes)
Event: 5.011 Thread 0x00007f96d00ec000 nmethod 1268 0x0000000114a86810 code [0x0000000114a869c0, 0x0000000114a86b70]
Event: 5.011 Thread 0x00007f96d00ec000 1264       1       java.awt.geom.AffineTransform::getScaleY (5 bytes)
Event: 5.011 Thread 0x00007f96d00ec000 nmethod 1264 0x000000011be0c690 code [0x000000011be0c840, 0x000000011be0c8f0]
Event: 5.011 Thread 0x00007f96d00ec000 1267       1       java.awt.geom.AffineTransform::getScaleX (5 bytes)
Event: 5.011 Thread 0x00007f96d00ec000 nmethod 1267 0x000000011be0c990 code [0x000000011be0cb40, 0x000000011be0cbf0]
Event: 5.012 Thread 0x00007f96d00ec000 1269       3       java.awt.geom.Rectangle2D$Float::getX (6 bytes)
Event: 5.012 Thread 0x00007f96d00ec000 nmethod 1269 0x0000000114a86c90 code [0x0000000114a86e40, 0x0000000114a86f30]
Event: 5.012 Thread 0x00007f96d00ec000 1270       3       java.awt.geom.Rectangle2D$Float::getY (6 bytes)
Event: 5.012 Thread 0x00007f96d00ec000 nmethod 1270 0x0000000114a86f90 code [0x0000000114a87140, 0x0000000114a87230]
Event: 5.012 Thread 0x00007f96d00ec000 1271       3       java.awt.geom.Rectangle2D$Float::getWidth (6 bytes)
Event: 5.012 Thread 0x00007f96d00ec000 nmethod 1271 0x0000000114a87290 code [0x0000000114a87440, 0x0000000114a87530]

GC Heap History (0 events):
No events

Deoptimization events (20 events):
Event: 4.394 Thread 0x00007f96d0b97000 DEOPT PACKING pc=0x000000011bdb57e0 sp=0x0000000306b89330
Event: 4.394 Thread 0x00007f96d0b97000 DEOPT UNPACKING pc=0x000000011430f91f sp=0x0000000306b892f0 mode 2
Event: 4.619 Thread 0x00007f96d0b97000 Uncommon trap: trap_request=0xffffffde fr.pc=0x000000011bdb6ecc relative=0x00000000000001ac
Event: 4.619 Thread 0x00007f96d0b97000 Uncommon trap: reason=class_check action=maybe_recompile pc=0x000000011bdb6ecc method=java.lang.String.equals(Ljava/lang/Object;)Z @ 8 c2
Event: 4.619 Thread 0x00007f96d0b97000 DEOPT PACKING pc=0x000000011bdb6ecc sp=0x0000000306b89c50
Event: 4.619 Thread 0x00007f96d0b97000 DEOPT UNPACKING pc=0x000000011430f91f sp=0x0000000306b89c18 mode 2
Event: 4.875 Thread 0x00007f96d097d000 DEOPT PACKING pc=0x000000011492ab7a sp=0x0000000306352d50
Event: 4.875 Thread 0x00007f96d097d000 DEOPT UNPACKING pc=0x000000011430f72b sp=0x00000003063521f8 mode 0
Event: 4.917 Thread 0x00007f96d097d000 Uncommon trap: trap_request=0xffffffde fr.pc=0x000000011bdb6ecc relative=0x00000000000001ac
Event: 4.917 Thread 0x00007f96d097d000 Uncommon trap: reason=class_check action=maybe_recompile pc=0x000000011bdb6ecc method=java.lang.String.equals(Ljava/lang/Object;)Z @ 8 c2
Event: 4.917 Thread 0x00007f96d097d000 DEOPT PACKING pc=0x000000011bdb6ecc sp=0x0000000306353070
Event: 4.917 Thread 0x00007f96d097d000 DEOPT UNPACKING pc=0x000000011430f91f sp=0x0000000306353038 mode 2
Event: 4.917 Thread 0x00007f96d097d000 Uncommon trap: trap_request=0xffffffde fr.pc=0x000000011bdb6ecc relative=0x00000000000001ac
Event: 4.917 Thread 0x00007f96d097d000 Uncommon trap: reason=class_check action=maybe_recompile pc=0x000000011bdb6ecc method=java.lang.String.equals(Ljava/lang/Object;)Z @ 8 c2
Event: 4.917 Thread 0x00007f96d097d000 DEOPT PACKING pc=0x000000011bdb6ecc sp=0x0000000306352f90
Event: 4.917 Thread 0x00007f96d097d000 DEOPT UNPACKING pc=0x000000011430f91f sp=0x0000000306352f58 mode 2
Event: 4.917 Thread 0x00007f96d097d000 Uncommon trap: trap_request=0xffffffde fr.pc=0x000000011bdb6ecc relative=0x00000000000001ac
Event: 4.917 Thread 0x00007f96d097d000 Uncommon trap: reason=class_check action=maybe_recompile pc=0x000000011bdb6ecc method=java.lang.String.equals(Ljava/lang/Object;)Z @ 8 c2
Event: 4.917 Thread 0x00007f96d097d000 DEOPT PACKING pc=0x000000011bdb6ecc sp=0x0000000306353060
Event: 4.917 Thread 0x00007f96d097d000 DEOPT UNPACKING pc=0x000000011430f91f sp=0x0000000306353028 mode 2

Classes redefined (0 events):
No events

Internal exceptions (20 events):
Event: 3.905 Thread 0x00007f96d097d000 Exception <a 'java/lang/NoSuchMethodError'{0x0000000787420e98}: 'java.lang.Object java.lang.invoke.Invokers$Holder.linkToTargetMethod(java.lang.Object, java.lang.Object, int, java.lang.Object, java.lang.Object)'> (0x0000000787420e98) thrown at [./src/hotspot/share/interpreter/linkResolver.cpp, line 773]
Event: 3.922 Thread 0x00007f96d097d000 Exception <a 'java/lang/NoSuchMethodError'{0x0000000787424958}: 'void java.lang.invoke.DirectMethodHandle$Holder.invokeStatic(java.lang.Object, int, long)'> (0x0000000787424958) thrown at [./src/hotspot/share/interpreter/linkResolver.cpp, line 773]
Event: 3.924 Thread 0x00007f96d0b97000 Exception <a 'java/lang/NoSuchMethodError'{0x00000007875f8a68}: 'void java.lang.invoke.DirectMethodHandle$Holder.invokeStatic(java.lang.Object, long)'> (0x00000007875f8a68) thrown at [./src/hotspot/share/interpreter/linkResolver.cpp, line 773]
Event: 3.925 Thread 0x00007f96d097d000 Exception <a 'java/lang/NoSuchMethodError'{0x00000007874348a8}: 'java.lang.Object java.lang.invoke.DirectMethodHandle$Holder.invokeStatic(java.lang.Object, int, int, int, int)'> (0x00000007874348a8) thrown at [./src/hotspot/share/interpreter/linkResolver.cpp, line 773]
Event: 3.925 Thread 0x00007f96d097d000 Exception <a 'java/lang/NoSuchMethodError'{0x0000000787437de8}: 'java.lang.Object java.lang.invoke.DirectMethodHandle$Holder.invokeSpecial(java.lang.Object, java.lang.Object, int, int, int, int)'> (0x0000000787437de8) thrown at [./src/hotspot/share/interpreter/linkResolver.cpp, line 773]
Event: 3.925 Thread 0x00007f96d097d000 Exception <a 'java/lang/NoSuchMethodError'{0x000000078743ad08}: 'java.lang.Object java.lang.invoke.Invokers$Holder.linkToTargetMethod(int, int, int, int, java.lang.Object)'> (0x000000078743ad08) thrown at [./src/hotspot/share/interpreter/linkResolver.cpp, line 773]
Event: 3.938 Thread 0x00007f96d0389800 Exception <a 'java/lang/NoSuchMethodError'{0x0000000787749098}: 'void java.lang.invoke.DirectMethodHandle$Holder.invokeSpecial(java.lang.Object, java.lang.Object, long)'> (0x0000000787749098) thrown at [./src/hotspot/share/interpreter/linkResolver.cpp, line 773]
Event: 4.005 Thread 0x00007f96d097d000 Exception <a 'java/lang/NoSuchMethodError'{0x00000007874aef18}: 'java.lang.Object java.lang.invoke.DirectMethodHandle$Holder.invokeStatic(java.lang.Object, java.lang.Object, java.lang.Object, java.lang.Object, java.lang.Object, java.lang.Object, java.lang.Object, java.lang.Object, java.lang.Object, java.lang.Object, java.lang.Object, int)'> (0x00000007874aef18) thrown at [./src/hotspot/share/interpreter/linkResolver.cpp, line 773]
Event: 4.013 Thread 0x00007f96d097d000 Exception <a 'java/lang/NoSuchMethodError'{0x00000007874cd0c0}: 'java.lang.Object java.lang.invoke.DirectMethodHandle$Holder.invokeStatic(java.lang.Object, java.lang.Object, java.lang.Object, java.lang.Object, java.lang.Object, java.lang.Object, java.lang.Object, java.lang.Object, java.lang.Object, java.lang.Object, java.lang.Object, int, int)'> (0x00000007874cd0c0) thrown at [./src/hotspot/share/interpreter/linkResolver.cpp, line 773]
Event: 4.015 Thread 0x00007f96d097d000 Exception <a 'java/lang/NoSuchMethodError'{0x00000007874ec0f8}: 'java.lang.Object java.lang.invoke.DirectMethodHandle$Holder.invokeStatic(java.lang.Object, java.lang.Object, java.lang.Object, java.lang.Object, java.lang.Object, java.lang.Object, java.lang.Object, java.lang.Object, java.lang.Object, java.lang.Object, java.lang.Object, int, int, java.lang.Object)'> (0x00000007874ec0f8) thrown at [./src/hotspot/share/interpreter/linkResolver.cpp, line 773]
Event: 4.018 Thread 0x00007f96d097d000 Exception <a 'java/lang/NoSuchMethodError'{0x000000078730d098}: 'java.lang.Object java.lang.invoke.DirectMethodHandle$Holder.invokeStatic(java.lang.Object, java.lang.Object, java.lang.Object, java.lang.Object, java.lang.Object, java.lang.Object, java.lang.Object, java.lang.Object, java.lang.Object, java.lang.Object, java.lang.Object, int, int, java.lang.Object, java.lang.Object)'> (0x000000078730d098) thrown at [./src/hotspot/share/interpreter/linkResolver.cpp, line 773]
Event: 4.317 Thread 0x00007f96d097d000 Exception <a 'java/lang/NoSuchMethodError'{0x0000000787200410}: 'java.lang.Object java.lang.invoke.DirectMethodHandle$Holder.invokeSpecial(java.lang.Object, java.lang.Object, int, int, java.lang.Object, java.lang.Object, java.lang.Object, java.lang.Object)'> (0x0000000787200410) thrown at [./src/hotspot/share/interpreter/linkResolver.cpp, line 773]
Event: 4.317 Thread 0x00007f96d097d000 Exception <a 'java/lang/NoSuchMethodError'{0x00000007872040b0}: 'java.lang.Object java.lang.invoke.DelegatingMethodHandle$Holder.reinvoke_L(java.lang.Object, int, int, java.lang.Object, java.lang.Object, java.lang.Object, java.lang.Object)'> (0x00000007872040b0) thrown at [./src/hotspot/share/interpreter/linkResolver.cpp, line 773]
Event: 4.326 Thread 0x00007f96d097d000 Exception <a 'java/lang/NoSuchMethodError'{0x0000000787250088}: 'java.lang.Object java.lang.invoke.DirectMethodHandle$Holder.invokeStatic(java.lang.Object, java.lang.Object, java.lang.Object, java.lang.Object, java.lang.Object, java.lang.Object, java.lang.Object, java.lang.Object, java.lang.Object, java.lang.Object, int, int, java.lang.Object, java.lang.Object)'> (0x0000000787250088) thrown at [./src/hotspot/share/interpreter/linkResolver.cpp, line 773]
Event: 4.329 Thread 0x00007f96d097d000 Exception <a 'java/lang/NoSuchMethodError'{0x0000000787270588}: 'java.lang.Object java.lang.invoke.DirectMethodHandle$Holder.invokeStatic(java.lang.Object, java.lang.Object, java.lang.Object, java.lang.Object, java.lang.Object, java.lang.Object, java.lang.Object, java.lang.Object, java.lang.Object, java.lang.Object, int, int, java.lang.Object, java.lang.Object, java.lang.Object)'> (0x0000000787270588) thrown at [./src/hotspot/share/interpreter/linkResolver.cpp, line 773]
Event: 4.350 Thread 0x00007f96d097d000 Exception <a 'java/lang/NoSuchMethodError'{0x00000007872b1448}: 'void java.lang.invoke.DirectMethodHandle$Holder.invokeStatic(java.lang.Object, long, long)'> (0x00000007872b1448) thrown at [./src/hotspot/share/interpreter/linkResolver.cpp, line 773]
Event: 4.353 Thread 0x00007f96d097d000 Exception <a 'java/lang/NoSuchMethodError'{0x00000007872b68e0}: 'java.lang.Object java.lang.invoke.DirectMethodHandle$Holder.invokeStatic(java.lang.Object, long)'> (0x00000007872b68e0) thrown at [./src/hotspot/share/interpreter/linkResolver.cpp, line 773]
Event: 4.357 Thread 0x00007f96d097d000 Exception <a 'java/lang/NoSuchMethodError'{0x00000007872c5850}: 'java.lang.Object java.lang.invoke.Invokers$Holder.linkToTargetMethod(java.lang.Object, int, java.lang.Object)'> (0x00000007872c5850) thrown at [./src/hotspot/share/interpreter/linkResolver.cpp, line 773]
Event: 4.376 Thread 0x00007f96d0b97000 Exception <a 'java/lang/NoSuchMethodError'{0x0000000787106730}: 'java.lang.Object java.lang.invoke.DirectMethodHandle$Holder.invokeStatic(java.lang.Object, int, int, java.lang.Object, java.lang.Object, java.lang.Object)'> (0x0000000787106730) thrown at [./src/hotspot/share/interpreter/linkResolver.cpp, line 773]
Event: 4.381 Thread 0x00007f96d0b97000 Exception <a 'java/lang/NoSuchMethodError'{0x0000000787109f30}: 'java.lang.Object java.lang.invoke.Invokers$Holder.linkToTargetMethod(int, int, java.lang.Object, java.lang.Object, java.lang.Object, java.lang.Object)'> (0x0000000787109f30) thrown at [./src/hotspot/share/interpreter/linkResolver.cpp, line 773]

Events (20 events):
Event: 4.929 Executing VM operation: RevokeBias
Event: 4.929 Executing VM operation: RevokeBias done
Event: 4.929 Executing VM operation: RevokeBias
Event: 4.929 Executing VM operation: RevokeBias done
Event: 4.943 Executing VM operation: RevokeBias
Event: 4.943 Executing VM operation: RevokeBias done
Event: 4.944 Executing VM operation: RevokeBias
Event: 4.944 Executing VM operation: RevokeBias done
Event: 4.956 loading class com/apple/laf/AquaButtonBorder$Dynamic$1
Event: 4.956 loading class com/apple/laf/AquaButtonBorder$Dynamic$1 done
Event: 5.002 loading class HospitalERCompl
Event: 5.002 loading class HospitalERCompl done
Event: 5.004 Executing VM operation: RevokeBias
Event: 5.005 Executing VM operation: RevokeBias done
Event: 5.005 Executing VM operation: RevokeBias
Event: 5.005 Executing VM operation: RevokeBias done
Event: 5.008 loading class HospitalERCompl
Event: 5.008 loading class HospitalERCompl done
Event: 5.013 Executing VM operation: RevokeBias
Event: 5.013 Executing VM operation: RevokeBias done


Dynamic libraries:
0x0000000108bbd000 	/Applications/BlueJ.app/Contents/JDK/Home/lib/jli/libjli.dylib
0x00007ff829280000 	/System/Library/Frameworks/Cocoa.framework/Versions/A/Cocoa
0x00007ff81495b000 	/System/Library/Frameworks/AppKit.framework/Versions/C/AppKit
0x00007ff817ed0000 	/System/Library/Frameworks/CoreData.framework/Versions/A/CoreData
0x00007ff812d5e000 	/System/Library/Frameworks/Foundation.framework/Versions/C/Foundation
0x00007ff81d153000 	/usr/lib/libSystem.B.dylib
0x00007ff8157eb000 	/System/Library/PrivateFrameworks/UIFoundation.framework/Versions/A/UIFoundation
0x00007ff823182000 	/System/Library/PrivateFrameworks/RemoteViewServices.framework/Versions/A/RemoteViewServices
0x00007ff81b41f000 	/System/Library/PrivateFrameworks/XCTTargetBootstrap.framework/Versions/A/XCTTargetBootstrap
0x00007ff81f018000 	/System/Library/PrivateFrameworks/InternationalSupport.framework/Versions/A/InternationalSupport
0x00007ff81f0a2000 	/System/Library/PrivateFrameworks/UserActivity.framework/Versions/A/UserActivity
0x00007ff81e3fc000 	/usr/lib/libspindump.dylib
0x00007ff815a7a000 	/System/Library/Frameworks/UniformTypeIdentifiers.framework/Versions/A/UniformTypeIdentifiers
0x00007ff819b43000 	/usr/lib/libapp_launch_measurement.dylib
0x00007ff8188b3000 	/System/Library/PrivateFrameworks/CoreAnalytics.framework/Versions/A/CoreAnalytics
0x00007ff819b46000 	/System/Library/PrivateFrameworks/CoreAutoLayout.framework/Versions/A/CoreAutoLayout
0x00007ff81ad76000 	/System/Library/Frameworks/Metal.framework/Versions/A/Metal
0x00007ff81baa5000 	/usr/lib/liblangid.dylib
0x00007ff81b424000 	/System/Library/PrivateFrameworks/CoreSVG.framework/Versions/A/CoreSVG
0x00007ff816e66000 	/System/Library/PrivateFrameworks/SkyLight.framework/Versions/A/SkyLight
0x00007ff817205000 	/System/Library/Frameworks/CoreGraphics.framework/Versions/A/CoreGraphics
0x00007ff823842000 	/System/Library/Frameworks/Accelerate.framework/Versions/A/Accelerate
0x00007ff81de7b000 	/System/Library/PrivateFrameworks/IconServices.framework/Versions/A/IconServices
0x00007ff81ad5b000 	/System/Library/Frameworks/IOSurface.framework/Versions/A/IOSurface
0x00007ff8188e1000 	/usr/lib/libDiagnosticMessagesClient.dylib
0x00007ff81d06d000 	/usr/lib/libz.1.dylib
0x00007ff826f24000 	/System/Library/Frameworks/ApplicationServices.framework/Versions/A/ApplicationServices
0x00007ff81b40b000 	/System/Library/PrivateFrameworks/DFRFoundation.framework/Versions/A/DFRFoundation
0x00007ff814243000 	/usr/lib/libicucore.A.dylib
0x00007ff81fe0e000 	/System/Library/Frameworks/AudioToolbox.framework/Versions/A/AudioToolbox
0x00007ff81f024000 	/System/Library/PrivateFrameworks/DataDetectorsCore.framework/Versions/A/DataDetectorsCore
0x00007ff91b285000 	/System/Library/PrivateFrameworks/TextInput.framework/Versions/A/TextInput
0x00007ff816de9000 	/usr/lib/libMobileGestalt.dylib
0x00007ff81b117000 	/System/Library/Frameworks/Carbon.framework/Versions/A/Frameworks/HIToolbox.framework/Versions/A/HIToolbox
0x00007ff819546000 	/System/Library/Frameworks/QuartzCore.framework/Versions/A/QuartzCore
0x00007ff813ee8000 	/System/Library/Frameworks/Security.framework/Versions/A/Security
0x00007ff8231ba000 	/System/Library/Frameworks/Carbon.framework/Versions/A/Frameworks/SpeechRecognition.framework/Versions/A/SpeechRecognition
0x00007ff8198a3000 	/System/Library/PrivateFrameworks/CoreUI.framework/Versions/A/CoreUI
0x00007ff8137b2000 	/System/Library/Frameworks/CoreAudio.framework/Versions/A/CoreAudio
0x00007ff8189d0000 	/System/Library/Frameworks/DiskArbitration.framework/Versions/A/DiskArbitration
0x00007ff81e7e8000 	/System/Library/PrivateFrameworks/MultitouchSupport.framework/Versions/A/MultitouchSupport
0x00007ff816de8000 	/usr/lib/libenergytrace.dylib
0x00007ff814847000 	/System/Library/Frameworks/IOKit.framework/Versions/A/IOKit
0x00007ff8235aa000 	/System/Library/Frameworks/CoreServices.framework/Versions/A/CoreServices
0x00007ff819add000 	/System/Library/PrivateFrameworks/PerformanceAnalysis.framework/Versions/A/PerformanceAnalysis
0x00007ffa2ad61000 	/System/Library/Frameworks/OpenGL.framework/Versions/A/OpenGL
0x00007ff81c689000 	/System/Library/PrivateFrameworks/MobileKeyBag.framework/Versions/A/MobileKeyBag
0x00007ff811df2000 	/usr/lib/libobjc.A.dylib
0x00007ff81792f000 	/System/Library/Frameworks/ColorSync.framework/Versions/A/ColorSync
0x00007ff811fac000 	/System/Library/Frameworks/CoreFoundation.framework/Versions/A/CoreFoundation
0x00007ff81b69b000 	/System/Library/Frameworks/CoreImage.framework/Versions/A/CoreImage
0x00007ff8135c6000 	/System/Library/Frameworks/CoreText.framework/Versions/A/CoreText
0x00007ff81b454000 	/System/Library/Frameworks/ImageIO.framework/Versions/A/ImageIO
0x00007ff81d159000 	/System/Library/PrivateFrameworks/SoftLinking.framework/Versions/A/SoftLinking
0x00007ff819b8e000 	/usr/lib/libxml2.2.dylib
0x00007ff811eb8000 	/usr/lib/libc++.1.dylib
0x00007ff81d3da000 	/usr/lib/libcompression.dylib
0x00007ff81ef4b000 	/System/Library/PrivateFrameworks/TextureIO.framework/Versions/A/TextureIO
0x00007ff81daf4000 	/usr/lib/libate.dylib
0x00007ff81d14e000 	/usr/lib/system/libcache.dylib
0x00007ff81d10a000 	/usr/lib/system/libcommonCrypto.dylib
0x00007ff81d133000 	/usr/lib/system/libcompiler_rt.dylib
0x00007ff81d129000 	/usr/lib/system/libcopyfile.dylib
0x00007ff811ced000 	/usr/lib/system/libcorecrypto.dylib
0x00007ff811dab000 	/usr/lib/system/libdispatch.dylib
0x00007ff811f6b000 	/usr/lib/system/libdyld.dylib
0x00007ff81d145000 	/usr/lib/system/libkeymgr.dylib
0x00007ff81d0e8000 	/usr/lib/system/libmacho.dylib
0x00007ff81c763000 	/usr/lib/system/libquarantine.dylib
0x00007ff81d143000 	/usr/lib/system/libremovefile.dylib
0x00007ff816e36000 	/usr/lib/system/libsystem_asl.dylib
0x00007ff811c96000 	/usr/lib/system/libsystem_blocks.dylib
0x00007ff811e2f000 	/usr/lib/system/libsystem_c.dylib
0x00007ff81d13b000 	/usr/lib/system/libsystem_collections.dylib
0x00007ff81ba95000 	/usr/lib/system/libsystem_configuration.dylib
0x00007ff81ad3e000 	/usr/lib/system/libsystem_containermanager.dylib
0x00007ff81ce1a000 	/usr/lib/system/libsystem_coreservices.dylib
0x00007ff8144d7000 	/usr/lib/system/libsystem_darwin.dylib
0x00007ff81d146000 	/usr/lib/system/libsystem_dnssd.dylib
0x00007ff811e2c000 	/usr/lib/system/libsystem_featureflags.dylib
0x00007ff811f81000 	/usr/lib/system/libsystem_info.dylib
0x00007ff81d080000 	/usr/lib/system/libsystem_m.dylib
0x00007ff811d7f000 	/usr/lib/system/libsystem_malloc.dylib
0x00007ff816dd1000 	/usr/lib/system/libsystem_networkextension.dylib
0x00007ff8148fd000 	/usr/lib/system/libsystem_notify.dylib
0x00007ff82347f000 	/usr/lib/system/libsystem_product_info_filter.dylib
0x00007ff81ba99000 	/usr/lib/system/libsystem_sandbox.dylib
0x00007ff81d140000 	/usr/lib/system/libsystem_secinit.dylib
0x00007ff811f27000 	/usr/lib/system/libsystem_kernel.dylib
0x00007ff811f77000 	/usr/lib/system/libsystem_platform.dylib
0x00007ff811f5f000 	/usr/lib/system/libsystem_pthread.dylib
0x00007ff8186f3000 	/usr/lib/system/libsystem_symptoms.dylib
0x00007ff811cd4000 	/usr/lib/system/libsystem_trace.dylib
0x00007ff81d116000 	/usr/lib/system/libunwind.dylib
0x00007ff811c98000 	/usr/lib/system/libxpc.dylib
0x00007ff811f11000 	/usr/lib/libc++abi.dylib
0x00007ff81d121000 	/usr/lib/liboah.dylib
0x00007ff81d8b2000 	/usr/lib/liblzma.5.dylib
0x00007ff812a70000 	/System/Library/Frameworks/SystemConfiguration.framework/Versions/A/SystemConfiguration
0x00007ff81d155000 	/usr/lib/libfakelink.dylib
0x00007ff816941000 	/System/Library/Frameworks/CFNetwork.framework/Versions/A/CFNetwork
0x00007ff81d296000 	/usr/lib/libarchive.2.dylib
0x00007ff81baa1000 	/System/Library/PrivateFrameworks/AppleSystemInfo.framework/Versions/A/AppleSystemInfo
0x00007ff81c78a000 	/usr/lib/libbsm.0.dylib
0x00007ff815f50000 	/usr/lib/libnetwork.dylib
0x00007ff81d0ee000 	/usr/lib/system/libkxld.dylib
0x00007ff81c3bd000 	/System/Library/PrivateFrameworks/IOMobileFramebuffer.framework/Versions/A/IOMobileFramebuffer
0x00007ffb2a71b000 	/usr/lib/libCoreEntitlements.dylib
0x00007ff81cdfc000 	/System/Library/PrivateFrameworks/AppleFSCompression.framework/Versions/A/AppleFSCompression
0x00007ff81c772000 	/usr/lib/libcoretls.dylib
0x00007ff81d8cc000 	/usr/lib/libcoretls_cfhelpers.dylib
0x00007ff81d3d5000 	/usr/lib/libpam.2.dylib
0x00007ff818315000 	/usr/lib/libsqlite3.dylib
0x00007ff81d93b000 	/usr/lib/libxar.1.dylib
0x00007ff81ce0c000 	/usr/lib/libbz2.1.0.dylib
0x00007ff81d15a000 	/usr/lib/libpcap.A.dylib
0x00007ff8186eb000 	/usr/lib/libdns_services.dylib
0x00007ff81d3a8000 	/usr/lib/libapple_nghttp2.dylib
0x00007ff81d194000 	/usr/lib/libiconv.2.dylib
0x00007ff81d0e7000 	/usr/lib/libcharset.1.dylib
0x00007ff819b11000 	/System/Library/Frameworks/CoreServices.framework/Versions/A/Frameworks/FSEvents.framework/Versions/A/FSEvents
0x00007ff8144e1000 	/System/Library/Frameworks/CoreServices.framework/Versions/A/Frameworks/CarbonCore.framework/Versions/A/CarbonCore
0x00007ff818934000 	/System/Library/Frameworks/CoreServices.framework/Versions/A/Frameworks/Metadata.framework/Versions/A/Metadata
0x00007ff81ce1f000 	/System/Library/Frameworks/CoreServices.framework/Versions/A/Frameworks/OSServices.framework/Versions/A/OSServices
0x00007ff81d31d000 	/System/Library/Frameworks/CoreServices.framework/Versions/A/Frameworks/SearchKit.framework/Versions/A/SearchKit
0x00007ff81867d000 	/System/Library/Frameworks/CoreServices.framework/Versions/A/Frameworks/AE.framework/Versions/A/AE
0x00007ff8124ad000 	/System/Library/Frameworks/CoreServices.framework/Versions/A/Frameworks/LaunchServices.framework/Versions/A/LaunchServices
0x00007ff81d863000 	/System/Library/Frameworks/CoreServices.framework/Versions/A/Frameworks/DictionaryServices.framework/Versions/A/DictionaryServices
0x00007ff819b1e000 	/System/Library/Frameworks/CoreServices.framework/Versions/A/Frameworks/SharedFileList.framework/Versions/A/SharedFileList
0x00007ff81c766000 	/usr/lib/libCheckFix.dylib
0x00007ff816e4d000 	/System/Library/PrivateFrameworks/TCC.framework/Versions/A/TCC
0x00007ff81baa7000 	/System/Library/PrivateFrameworks/CoreNLP.framework/Versions/A/CoreNLP
0x00007ff8188e4000 	/System/Library/PrivateFrameworks/MetadataUtilities.framework/Versions/A/MetadataUtilities
0x00007ff812b21000 	/usr/lib/libmecabra.dylib
0x00007ff81c79a000 	/usr/lib/libmecab.dylib
0x00007ff812aec000 	/usr/lib/libCRFSuite.dylib
0x00007ff81c7f4000 	/usr/lib/libgermantok.dylib
0x00007ff81d383000 	/usr/lib/libThaiTokenizer.dylib
0x00007ff8189d7000 	/System/Library/Frameworks/Accelerate.framework/Versions/A/Frameworks/vImage.framework/Versions/A/vImage
0x00007ff823581000 	/System/Library/Frameworks/Accelerate.framework/Versions/A/Frameworks/vecLib.framework/Versions/A/vecLib
0x00007ff81d97c000 	/System/Library/Frameworks/Accelerate.framework/Versions/A/Frameworks/vecLib.framework/Versions/A/libvMisc.dylib
0x00007ff81c1bc000 	/System/Library/Frameworks/Accelerate.framework/Versions/A/Frameworks/vecLib.framework/Versions/A/libvDSP.dylib
0x00007ff812828000 	/System/Library/Frameworks/Accelerate.framework/Versions/A/Frameworks/vecLib.framework/Versions/A/libBLAS.dylib
0x00007ff81d4b8000 	/System/Library/Frameworks/Accelerate.framework/Versions/A/Frameworks/vecLib.framework/Versions/A/libLAPACK.dylib
0x00007ff81c7f7000 	/System/Library/Frameworks/Accelerate.framework/Versions/A/Frameworks/vecLib.framework/Versions/A/libLinearAlgebra.dylib
0x00007ff81d3c0000 	/System/Library/Frameworks/Accelerate.framework/Versions/A/Frameworks/vecLib.framework/Versions/A/libSparseBLAS.dylib
0x00007ff81d4b2000 	/System/Library/Frameworks/Accelerate.framework/Versions/A/Frameworks/vecLib.framework/Versions/A/libQuadrature.dylib
0x00007ff81bb92000 	/System/Library/Frameworks/Accelerate.framework/Versions/A/Frameworks/vecLib.framework/Versions/A/libBNNS.dylib
0x00007ff8129fa000 	/System/Library/Frameworks/Accelerate.framework/Versions/A/Frameworks/vecLib.framework/Versions/A/libSparse.dylib
0x00007ff81bb8b000 	/System/Library/PrivateFrameworks/LinguisticData.framework/Versions/A/LinguisticData
0x00007ff8129b0000 	/System/Library/PrivateFrameworks/Lexicon.framework/Versions/A/Lexicon
0x00007ff81d975000 	/usr/lib/libChineseTokenizer.dylib
0x00007ff81311b000 	/System/Library/PrivateFrameworks/LanguageModeling.framework/Versions/A/LanguageModeling
0x00007ff81d385000 	/System/Library/PrivateFrameworks/AppleSauce.framework/Versions/A/AppleSauce
0x00007ff81c3ab000 	/System/Library/PrivateFrameworks/CoreEmoji.framework/Versions/A/CoreEmoji
0x00007ff81d285000 	/usr/lib/libcmph.dylib
0x00007ff819af5000 	/System/Library/Frameworks/OpenDirectory.framework/Versions/A/Frameworks/CFOpenDirectory.framework/Versions/A/CFOpenDirectory
0x00007ff819ae9000 	/System/Library/Frameworks/OpenDirectory.framework/Versions/A/OpenDirectory
0x00007ff81d8ce000 	/System/Library/PrivateFrameworks/APFS.framework/Versions/A/APFS
0x00007ff81c6c1000 	/System/Library/Frameworks/SecurityFoundation.framework/Versions/A/SecurityFoundation
0x00007ff81d949000 	/usr/lib/libutil.dylib
0x00007ff81480b000 	/System/Library/PrivateFrameworks/CoreServicesStore.framework/Versions/A/CoreServicesStore
0x00007ff81d94d000 	/usr/lib/libxslt.1.dylib
0x00007ff81c74e000 	/System/Library/PrivateFrameworks/BackgroundTaskManagement.framework/Versions/A/BackgroundTaskManagement
0x00007ff81ee6c000 	/System/Library/Frameworks/ImageIO.framework/Versions/A/Resources/libRadiance.dylib
0x00007ff81ee75000 	/System/Library/Frameworks/ImageIO.framework/Versions/A/Resources/libJPEG.dylib
0x00007ff81edc7000 	/System/Library/Frameworks/ImageIO.framework/Versions/A/Resources/libPng.dylib
0x00007ff81ede8000 	/System/Library/Frameworks/ImageIO.framework/Versions/A/Resources/libTIFF.dylib
0x00007ff81eed4000 	/System/Library/Frameworks/ImageIO.framework/Versions/A/Resources/libGIF.dylib
0x00007ff81e704000 	/System/Library/Frameworks/ImageIO.framework/Versions/A/Resources/libJP2.dylib
0x00007ff81de42000 	/usr/lib/libexpat.1.dylib
0x00007ff81e6b9000 	/System/Library/PrivateFrameworks/AppleJPEG.framework/Versions/A/AppleJPEG
0x00007ff81afdb000 	/System/Library/PrivateFrameworks/FontServices.framework/libFontParser.dylib
0x00007ff818627000 	/System/Library/PrivateFrameworks/RunningBoardServices.framework/Versions/A/RunningBoardServices
0x00007ff82983b000 	/System/Library/PrivateFrameworks/IOSurfaceAccelerator.framework/Versions/A/IOSurfaceAccelerator
0x00007ff81e7e4000 	/System/Library/PrivateFrameworks/WatchdogClient.framework/Versions/A/WatchdogClient
0x00007ff813209000 	/System/Library/Frameworks/CoreDisplay.framework/Versions/A/CoreDisplay
0x00007ff81aed9000 	/System/Library/Frameworks/CoreMedia.framework/Versions/A/CoreMedia
0x00007ff81ad6d000 	/System/Library/PrivateFrameworks/IOAccelerator.framework/Versions/A/IOAccelerator
0x00007ff819c72000 	/System/Library/Frameworks/CoreVideo.framework/Versions/A/CoreVideo
0x00007ff81d3d3000 	/System/Library/Frameworks/MetalPerformanceShaders.framework/Versions/A/MetalPerformanceShaders
0x00007ff81e821000 	/System/Library/Frameworks/VideoToolbox.framework/Versions/A/VideoToolbox
0x00007ff818571000 	/System/Library/PrivateFrameworks/BaseBoard.framework/Versions/A/BaseBoard
0x00007ff8182fb000 	/System/Library/PrivateFrameworks/ProtocolBuffer.framework/Versions/A/ProtocolBuffer
0x00007ff81ee65000 	/System/Library/PrivateFrameworks/GPUWrangler.framework/Versions/A/GPUWrangler
0x00007ff81ee49000 	/System/Library/PrivateFrameworks/IOPresentment.framework/Versions/A/IOPresentment
0x00007ff81ee6f000 	/System/Library/PrivateFrameworks/DSExternalDisplay.framework/Versions/A/DSExternalDisplay
0x00007ffa2ad55000 	/System/Library/Frameworks/OpenGL.framework/Versions/A/Libraries/libCoreFSCache.dylib
0x00007ffb17e1c000 	/System/Library/PrivateFrameworks/GPUCompiler.framework/Versions/31001/Libraries/libGPUCompilerUtils.dylib
0x00007ff81eed9000 	/System/Library/PrivateFrameworks/CMCaptureCore.framework/Versions/A/CMCaptureCore
0x00007ff81e3ea000 	/System/Library/PrivateFrameworks/AppServerSupport.framework/Versions/A/AppServerSupport
0x00007ff8206a7000 	/System/Library/PrivateFrameworks/perfdata.framework/Versions/A/perfdata
0x00007ff813335000 	/System/Library/PrivateFrameworks/AudioToolboxCore.framework/Versions/A/AudioToolboxCore
0x00007ff81aeb7000 	/System/Library/PrivateFrameworks/caulk.framework/Versions/A/caulk
0x00007ff81ffb9000 	/usr/lib/libAudioStatistics.dylib
0x00007ff917a13000 	/System/Library/PrivateFrameworks/SystemPolicy.framework/Versions/A/SystemPolicy
0x00007ff820214000 	/usr/lib/libSMC.dylib
0x00007ff829133000 	/System/Library/Frameworks/CoreMIDI.framework/Versions/A/CoreMIDI
0x00007ff81ed96000 	/usr/lib/libAudioToolboxUtility.dylib
0x00007ff913c3f000 	/System/Library/PrivateFrameworks/OSAServicesClient.framework/Versions/A/OSAServicesClient
0x00007ff8206b4000 	/usr/lib/libperfcheck.dylib
0x00007ff9184c0000 	/usr/lib/libmis.dylib
0x00007ffa2adb0000 	/System/Library/Frameworks/OpenGL.framework/Versions/A/Libraries/libGLU.dylib
0x00007ffa2ad74000 	/System/Library/Frameworks/OpenGL.framework/Versions/A/Libraries/libGFXShared.dylib
0x00007ffa2af7d000 	/System/Library/Frameworks/OpenGL.framework/Versions/A/Libraries/libGL.dylib
0x00007ffa2ad7d000 	/System/Library/Frameworks/OpenGL.framework/Versions/A/Libraries/libGLImage.dylib
0x00007ffa2ad71000 	/System/Library/Frameworks/OpenGL.framework/Versions/A/Libraries/libCVMSPluginSupport.dylib
0x00007ffa2ad5c000 	/System/Library/Frameworks/OpenGL.framework/Versions/A/Libraries/libCoreVMClient.dylib
0x00007ff81ba23000 	/System/Library/Frameworks/MetalPerformanceShaders.framework/Versions/A/Frameworks/MPSCore.framework/Versions/A/MPSCore
0x00007ff81cd67000 	/System/Library/Frameworks/MetalPerformanceShaders.framework/Versions/A/Frameworks/MPSImage.framework/Versions/A/MPSImage
0x00007ff81c80d000 	/System/Library/Frameworks/MetalPerformanceShaders.framework/Versions/A/Frameworks/MPSNeuralNetwork.framework/Versions/A/MPSNeuralNetwork
0x00007ff81cc81000 	/System/Library/Frameworks/MetalPerformanceShaders.framework/Versions/A/Frameworks/MPSMatrix.framework/Versions/A/MPSMatrix
0x00007ff81ca3c000 	/System/Library/Frameworks/MetalPerformanceShaders.framework/Versions/A/Frameworks/MPSRayIntersector.framework/Versions/A/MPSRayIntersector
0x00007ff81ccb9000 	/System/Library/Frameworks/MetalPerformanceShaders.framework/Versions/A/Frameworks/MPSNDArray.framework/Versions/A/MPSNDArray
0x00007ffa30835000 	/System/Library/Frameworks/MetalPerformanceShaders.framework/Versions/A/Frameworks/MPSFunctions.framework/Versions/A/MPSFunctions
0x00007ff812704000 	/System/Library/PrivateFrameworks/MetalTools.framework/Versions/A/MetalTools
0x00007ff81ba9f000 	/System/Library/PrivateFrameworks/AggregateDictionary.framework/Versions/A/AggregateDictionary
0x00007ff81dc24000 	/usr/lib/libIOReport.dylib
0x00007ffa2c38c000 	/System/Library/Frameworks/OpenCL.framework/Versions/A/OpenCL
0x00007ff81df88000 	/System/Library/PrivateFrameworks/FaceCore.framework/Versions/A/FaceCore
0x00007ff81df79000 	/System/Library/PrivateFrameworks/GraphVisualizer.framework/Versions/A/GraphVisualizer
0x00007ffb17d27000 	/System/Library/PrivateFrameworks/FontServices.framework/Versions/A/FontServices
0x00007ff81e3a2000 	/System/Library/PrivateFrameworks/OTSVG.framework/Versions/A/OTSVG
0x00007ff819859000 	/System/Library/Frameworks/ApplicationServices.framework/Versions/A/Frameworks/ATS.framework/Versions/A/Resources/libFontRegistry.dylib
0x00007ff81e3f2000 	/System/Library/PrivateFrameworks/FontServices.framework/libhvf.dylib
0x00007ffb17d28000 	/System/Library/PrivateFrameworks/FontServices.framework/libXTFontStaticRegistryData.dylib
0x00007ff81ddf2000 	/System/Library/PrivateFrameworks/AppleVA.framework/Versions/A/AppleVA
0x00007ff81ffd9000 	/System/Library/Frameworks/ApplicationServices.framework/Versions/A/Frameworks/ATS.framework/Versions/A/ATS
0x00007ff817a2d000 	/System/Library/Frameworks/ApplicationServices.framework/Versions/A/Frameworks/HIServices.framework/Versions/A/HIServices
0x00007ff81eee3000 	/System/Library/Frameworks/ApplicationServices.framework/Versions/A/Frameworks/PrintCore.framework/Versions/A/PrintCore
0x00007ff820367000 	/System/Library/Frameworks/ApplicationServices.framework/Versions/A/Frameworks/QD.framework/Versions/A/QD
0x00007ff82035f000 	/System/Library/Frameworks/ApplicationServices.framework/Versions/A/Frameworks/ColorSyncLegacy.framework/Versions/A/ColorSyncLegacy
0x00007ff81ffc9000 	/System/Library/Frameworks/ApplicationServices.framework/Versions/A/Frameworks/SpeechSynthesis.framework/Versions/A/SpeechSynthesis
0x00007ff81eea4000 	/System/Library/Frameworks/ApplicationServices.framework/Versions/A/Frameworks/ATSUI.framework/Versions/A/ATSUI
0x00007ff8202f4000 	/usr/lib/libcups.2.dylib
0x00007ff8206c3000 	/System/Library/Frameworks/Kerberos.framework/Versions/A/Kerberos
0x00007ff8206d2000 	/System/Library/Frameworks/GSS.framework/Versions/A/GSS
0x00007ff820045000 	/usr/lib/libresolv.9.dylib
0x00007ff81e401000 	/System/Library/PrivateFrameworks/Heimdal.framework/Versions/A/Heimdal
0x00007ff8272b6000 	/System/Library/Frameworks/Kerberos.framework/Versions/A/Libraries/libHeimdalProxy.dylib
0x00007ff8186fb000 	/System/Library/Frameworks/Network.framework/Versions/A/Network
0x00007ff81de5c000 	/usr/lib/libheimdal-asn1.dylib
0x00007ff82071d000 	/System/Library/PrivateFrameworks/CommonAuth.framework/Versions/A/CommonAuth
0x00007ff81ff4b000 	/System/Library/PrivateFrameworks/AudioSession.framework/Versions/A/AudioSession
0x00007ff81deec000 	/System/Library/PrivateFrameworks/MediaExperience.framework/Versions/A/MediaExperience
0x00007ff81fddd000 	/System/Library/PrivateFrameworks/AudioSession.framework/libSessionUtility.dylib
0x00007ff820373000 	/System/Library/PrivateFrameworks/AudioResourceArbitration.framework/Versions/A/AudioResourceArbitration
0x00007ff8243f4000 	/System/Library/PrivateFrameworks/PowerLog.framework/Versions/A/PowerLog
0x00007ff81de65000 	/System/Library/PrivateFrameworks/IconFoundation.framework/Versions/A/IconFoundation
0x00007ff8231aa000 	/System/Library/PrivateFrameworks/SpeechRecognitionCore.framework/Versions/A/SpeechRecognitionCore
0x00000001099b2000 	/Applications/BlueJ.app/Contents/JDK/Home/lib/server/libjvm.dylib
0x0000000108c9b000 	/Applications/BlueJ.app/Contents/JDK/Home/lib/libverify.dylib
0x0000000108cc0000 	/Applications/BlueJ.app/Contents/JDK/Home/lib/libjava.dylib
0x0000000108c2d000 	/Applications/BlueJ.app/Contents/JDK/Home/lib/libjimage.dylib
0x0000000108d62000 	/Applications/BlueJ.app/Contents/JDK/Home/lib/libjdwp.dylib
0x0000000108d32000 	/Applications/BlueJ.app/Contents/JDK/Home/lib/libzip.dylib
0x000000012bc57000 	/Applications/BlueJ.app/Contents/JDK/Home/lib/libdt_socket.dylib
0x000000012bc7e000 	/Applications/BlueJ.app/Contents/JDK/Home/lib/libnio.dylib
0x000000012bcaa000 	/Applications/BlueJ.app/Contents/JDK/Home/lib/libnet.dylib
0x000000012bd7c000 	/Applications/BlueJ.app/Contents/JDK/Home/lib/libawt.dylib
0x000000012bec1000 	/Applications/BlueJ.app/Contents/JDK/Home/lib/libmlib_image.dylib
0x00007ffa30792000 	/System/Library/Frameworks/JavaNativeFoundation.framework/Versions/A/JavaNativeFoundation
0x00007ffa3079e000 	/System/Library/Frameworks/JavaRuntimeSupport.framework/Versions/A/JavaRuntimeSupport
0x00007ff917537000 	/System/Library/Frameworks/Carbon.framework/Versions/A/Carbon
0x00007ff82566e000 	/System/Library/PrivateFrameworks/CoreSymbolication.framework/Versions/A/CoreSymbolication
0x00007ff82abd2000 	/System/Library/Frameworks/Carbon.framework/Versions/A/Frameworks/CommonPanels.framework/Versions/A/CommonPanels
0x00007ff826ca2000 	/System/Library/Frameworks/Carbon.framework/Versions/A/Frameworks/Help.framework/Versions/A/Help
0x00007ff82abd6000 	/System/Library/Frameworks/Carbon.framework/Versions/A/Frameworks/ImageCapture.framework/Versions/A/ImageCapture
0x00007ff82aba6000 	/System/Library/Frameworks/Carbon.framework/Versions/A/Frameworks/OpenScripting.framework/Versions/A/OpenScripting
0x00007ff82abce000 	/System/Library/Frameworks/Carbon.framework/Versions/A/Frameworks/Ink.framework/Versions/A/Ink
0x00007ff917533000 	/System/Library/Frameworks/Carbon.framework/Versions/A/Frameworks/Print.framework/Versions/A/Print
0x00007ff82abca000 	/System/Library/Frameworks/Carbon.framework/Versions/A/Frameworks/SecurityHI.framework/Versions/A/SecurityHI
0x00007ff825633000 	/System/Library/PrivateFrameworks/DebugSymbols.framework/Versions/A/DebugSymbols
0x000000012c056000 	/Applications/BlueJ.app/Contents/JDK/Home/lib/libawt_lwawt.dylib
0x000000012bd26000 	/Applications/BlueJ.app/Contents/JDK/Home/lib/libosxapp.dylib
0x00007ff916801000 	/System/Library/Frameworks/ExceptionHandling.framework/Versions/A/ExceptionHandling
0x000000012c01f000 	/Applications/BlueJ.app/Contents/JDK/Home/lib/libfontmanager.dylib
0x000000012c2be000 	/Applications/BlueJ.app/Contents/JDK/Home/lib/libharfbuzz.dylib
0x000000012c4d3000 	/Applications/BlueJ.app/Contents/JDK/Home/lib/libfreetype.dylib
0x00007ff8147cd000 	/System/Library/PrivateFrameworks/CoreServicesInternal.framework/Versions/A/CoreServicesInternal
0x00007ff8249e5000 	/System/Library/Frameworks/FileProvider.framework/Versions/A/FileProvider
0x00007ff8184de000 	/System/Library/Frameworks/Accounts.framework/Versions/A/Accounts
0x00007ff824b5e000 	/System/Library/PrivateFrameworks/GenerationalStorage.framework/Versions/A/GenerationalStorage
0x00007ff8243e9000 	/System/Library/PrivateFrameworks/SymptomDiagnosticReporter.framework/Versions/A/SymptomDiagnosticReporter
0x00007ff815a8e000 	/System/Library/PrivateFrameworks/DesktopServicesPriv.framework/Versions/A/DesktopServicesPriv
0x00007ff81490c000 	/usr/lib/libsandbox.1.dylib
0x00007ff819cf1000 	/System/Library/PrivateFrameworks/UserManagement.framework/Versions/A/UserManagement
0x00007ff820354000 	/System/Library/PrivateFrameworks/NetAuth.framework/Versions/A/NetAuth
0x00007ff821263000 	/System/Library/PrivateFrameworks/Sharing.framework/Versions/A/Sharing
0x00007ff819cc4000 	/System/Library/PrivateFrameworks/login.framework/Versions/A/Frameworks/loginsupport.framework/Versions/A/loginsupport
0x00007ff8267d1000 	/System/Library/PrivateFrameworks/Apple80211.framework/Versions/A/Apple80211
0x00007ff81ce4c000 	/System/Library/PrivateFrameworks/AuthKit.framework/Versions/A/AuthKit
0x00007ff81c4a1000 	/System/Library/PrivateFrameworks/CoreUtils.framework/Versions/A/CoreUtils
0x00007ff81c3c8000 	/System/Library/Frameworks/CoreWLAN.framework/Versions/A/CoreWLAN
0x00007ff8213c2000 	/System/Library/Frameworks/IOBluetooth.framework/Versions/A/IOBluetooth
0x00007ff826839000 	/System/Library/PrivateFrameworks/CoreWiFi.framework/Versions/A/CoreWiFi
0x00007ff825208000 	/System/Library/PrivateFrameworks/FrontBoardServices.framework/Versions/A/FrontBoardServices
0x00007ff825299000 	/System/Library/PrivateFrameworks/BoardServices.framework/Versions/A/BoardServices
0x00007ff81c6b0000 	/System/Library/PrivateFrameworks/AssertionServices.framework/Versions/A/AssertionServices
0x00007ff8269bc000 	/System/Library/PrivateFrameworks/BackBoardServices.framework/Versions/A/BackBoardServices
0x00007ff8207ae000 	/System/Library/PrivateFrameworks/CorePhoneNumbers.framework/Versions/A/CorePhoneNumbers
0x00007ff820072000 	/System/Library/PrivateFrameworks/MultiverseSupport.framework/Versions/A/MultiverseSupport
0x00007ff826c2f000 	/System/Library/PrivateFrameworks/RemoteServiceDiscovery.framework/Versions/A/RemoteServiceDiscovery
0x00007ff824506000 	/System/Library/PrivateFrameworks/DiskManagement.framework/Versions/A/DiskManagement
0x00007ff82441a000 	/System/Library/PrivateFrameworks/AppleIDAuthSupport.framework/Versions/A/AppleIDAuthSupport
0x00007ffb126a2000 	/System/Library/PrivateFrameworks/AAAFoundation.framework/Versions/A/AAAFoundation
0x00007ff82078f000 	/System/Library/PrivateFrameworks/KeychainCircle.framework/Versions/A/KeychainCircle
0x00007ff826c3f000 	/System/Library/PrivateFrameworks/RemoteXPC.framework/Versions/A/RemoteXPC
0x00007ff8244d2000 	/System/Library/PrivateFrameworks/MediaKit.framework/Versions/A/MediaKit
0x00007ff824426000 	/System/Library/Frameworks/DiscRecording.framework/Versions/A/DiscRecording
0x00007ff81dd6a000 	/usr/lib/libCoreStorage.dylib
0x00007ff826caa000 	/usr/lib/libcsfde.dylib
0x00007ff82148f000 	/System/Library/PrivateFrameworks/ProtectedCloudStorage.framework/Versions/A/ProtectedCloudStorage
0x00007ff826ca6000 	/System/Library/PrivateFrameworks/EFILogin.framework/Versions/A/EFILogin
0x00007ff824b84000 	/System/Library/PrivateFrameworks/OctagonTrust.framework/Versions/A/OctagonTrust
0x00007ffb16f8a000 	/System/Library/PrivateFrameworks/CoreUtilsExtras.framework/Versions/A/CoreUtilsExtras
0x00007ff82434d000 	/System/Library/Frameworks/CoreBluetooth.framework/Versions/A/CoreBluetooth
0x00007ff82733b000 	/System/Library/Frameworks/AudioUnit.framework/Versions/A/AudioUnit
0x00007ff81dd62000 	/usr/lib/libMatch.1.dylib
0x00007ff91f2ba000 	/System/Library/CoreServices/RawCamera.bundle/Contents/MacOS/RawCamera
0x00007ff82072d000 	/System/Library/PrivateFrameworks/MobileAsset.framework/Versions/A/MobileAsset
0x00007ff827362000 	/System/Library/PrivateFrameworks/StreamingZip.framework/Versions/A/StreamingZip
0x00007ffb1427e000 	/System/Library/PrivateFrameworks/CMPhoto.framework/Versions/A/CMPhoto
0x00007ff825509000 	/System/Library/PrivateFrameworks/AppleVPA.framework/Versions/A/AppleVPA
0x00007ff81f10d000 	/System/Library/Frameworks/MediaToolbox.framework/Versions/A/MediaToolbox
0x00007ff8249b5000 	/System/Library/PrivateFrameworks/CoreAVCHD.framework/Versions/A/CoreAVCHD
0x00007ff82388a000 	/System/Library/Frameworks/MediaAccessibility.framework/Versions/A/MediaAccessibility
0x00007ff8249b1000 	/System/Library/PrivateFrameworks/Mangrove.framework/Versions/A/Mangrove
0x00007ff823895000 	/System/Library/PrivateFrameworks/AlgosScoreFramework.framework/Versions/A/AlgosScoreFramework
0x00007ff8245f6000 	/System/Library/PrivateFrameworks/CoreAUC.framework/Versions/A/CoreAUC
0x00007ff91cae4000 	/System/Library/Frameworks/Accelerate.framework/Versions/A/Frameworks/vImage.framework/Versions/A/Libraries/libCGInterfaces.dylib
0x000000012bc17000 	/usr/lib/libobjc-trampolines.dylib
0x00007ff8199e9000 	/System/Library/PrivateFrameworks/ViewBridge.framework/Versions/A/ViewBridge
0x00007ffb2a80a000 	/usr/lib/libRosetta.dylib
0x00007ffa2af88000 	/System/Library/Frameworks/OpenGL.framework/Versions/A/Resources/GLEngine.bundle/GLEngine
0x00007ffa2adee000 	/System/Library/Frameworks/OpenGL.framework/Versions/A/Libraries/libGLProgrammability.dylib
0x000000012fbc2000 	/System/Library/Extensions/AppleMetalOpenGLRenderer.bundle/Contents/MacOS/AppleMetalOpenGLRenderer
0x00007ffa2b112000 	/System/Library/Frameworks/OpenGL.framework/Versions/A/Resources/GLRendererFloat.bundle/GLRendererFloat
0x00007ffa2cf2a000 	/System/Library/Extensions/AGXMetal13_3.bundle/Contents/MacOS/AGXMetal13_3
0x00007ff9184db000 	/System/Library/PrivateFrameworks/GPURawCounter.framework/Versions/A/GPURawCounter
0x00007ff912de7000 	/System/Library/PrivateFrameworks/IOGPU.framework/Versions/A/IOGPU
0x00007ff81e4b8000 	/System/Library/PrivateFrameworks/login.framework/Versions/A/login
0x000000012fb8d000 	/Applications/BlueJ.app/Contents/JDK/Home/lib/libosxui.dylib


VM Arguments:
jvm_args: -ea -agentlib:jdwp=transport=dt_socket,address=127.0.0.1:49749 -Dfile.encoding=UTF-8 
java_command: bluej.runtime.ExecServer UTF-8
java_class_path (initial): /Applications/BlueJ.app/Contents/Resources/Java/bluejcore.jar:/Applications/BlueJ.app/Contents/Resources/Java/junit-platform-console-standalone-1.5.2.jar:/Applications/BlueJ.app/Contents/Resources/Java/junit-quickcheck-core-0.9.jar:/Applications/BlueJ.app/Contents/Resources/Java/junit-jupiter-migrationsupport-5.5.2.jar:/Applications/BlueJ.app/Contents/Resources/Java/junit-platform-runner-1.5.2.jar:/Applications/BlueJ.app/Contents/Resources/Java/junit-jupiter-params-5.5.2.jar:/Applications/BlueJ.app/Contents/Resources/Java/junit-platform-testkit-1.5.2.jar:/Applications/BlueJ.app/Contents/Resources/Java/junit-jupiter-api-5.5.2.jar:/Applications/BlueJ.app/Contents/Resources/Java/junit-platform-console-1.5.2.jar:/Applications/BlueJ.app/Contents/Resources/Java/junit-jupiter-engine-5.5.2.jar:/Applications/BlueJ.app/Contents/Resources/Java/junit-platform-suite-api-1.5.2.jar:/Applications/BlueJ.app/Contents/Resources/Java/junit-vintage-engine-5.5.2.jar:/Applications/BlueJ.app/Contents/Resources/Java/junit-platform-reporting-1.5.2.jar:/Applications/BlueJ.app/Contents/Resources/Java/junit-jupiter-5.5.2.jar:/Applications/BlueJ.app/Contents/Resources/Java/junit-platform-engine-1.5.2.jar:/Applications/BlueJ.app/Contents/Resources/Java/junit-platform-launcher-1.5.2.jar:/Applications/BlueJ.app/Contents/Resources/Java/junit-platform-commons-1.5.2.jar:/Applications/BlueJ.app/Contents/Resources/Java/hamcrest-core-1.3.jar:/Applications/BlueJ.app/Contents/Resources/Java/hamcrest-library-1.3.jar:/Applications/BlueJ.app/Contents/Resources/Java/lang-stride.jar:/Applications/BlueJ.app/Contents/Resources/Java/javafx/lib/javafx.base.jar:/Applications/BlueJ.app/Contents/Resources/Java/javafx/lib/javafx.controls.jar:/Applications/BlueJ.app/Contents/Resources/Java/javafx/lib/javafx.fxml.jar:/Applications/BlueJ.app/Contents/Resources/Java/javafx/lib/javafx.graphics.jar:/Applications/BlueJ.app/Contents/Resources/Java/javafx/lib/javafx.media.jar:/Applications/BlueJ.app
Launcher Type: SUN_STANDARD

[Global flags]
     intx CICompilerCount                          = 4                                         {product} {ergonomic}
     uint ConcGCThreads                            = 2                                         {product} {ergonomic}
     uint G1ConcRefinementThreads                  = 8                                         {product} {ergonomic}
   size_t G1HeapRegionSize                         = 1048576                                   {product} {ergonomic}
    uintx GCDrainStackTargetSize                   = 64                                        {product} {ergonomic}
   size_t InitialHeapSize                          = 134217728                                 {product} {ergonomic}
   size_t MarkStackSize                            = 4194304                                   {product} {ergonomic}
   size_t MaxHeapSize                              = 2147483648                                {product} {ergonomic}
   size_t MaxNewSize                               = 1287651328                                {product} {ergonomic}
   size_t MinHeapDeltaBytes                        = 1048576                                   {product} {ergonomic}
    uintx NonNMethodCodeHeapSize                   = 5836300                                {pd product} {ergonomic}
    uintx NonProfiledCodeHeapSize                  = 122910970                              {pd product} {ergonomic}
    uintx ProfiledCodeHeapSize                     = 122910970                              {pd product} {ergonomic}
    uintx ReservedCodeCacheSize                    = 251658240                              {pd product} {ergonomic}
     bool SegmentedCodeCache                       = true                                      {product} {ergonomic}
     bool UseCompressedClassPointers               = true                                 {lp64_product} {ergonomic}
     bool UseCompressedOops                        = true                                 {lp64_product} {ergonomic}
     bool UseG1GC                                  = true                                      {product} {ergonomic}

Logging:
Log output configuration:
 #0: stdout all=warning uptime,level,tags
 #1: stderr all=off uptime,level,tags

Environment Variables:
PATH=/usr/bin:/bin:/usr/sbin:/sbin
SHELL=/bin/zsh

Signal Handlers:
SIGSEGV: [libjvm.dylib+0x7b893a], sa_mask[0]=11111111111111111111111111111111, sa_flags=SA_ONSTACK|SA_RESTART|SA_SIGINFO
SIGBUS: [libjvm.dylib+0x7b893a], sa_mask[0]=11111111111111111111111111111111, sa_flags=SA_RESTART|SA_SIGINFO
SIGFPE: [libjvm.dylib+0x7b893a], sa_mask[0]=11111111111111111111111111111111, sa_flags=SA_RESTART|SA_SIGINFO
SIGPIPE: [libjvm.dylib+0x61e7db], sa_mask[0]=11111111111111111111111111111111, sa_flags=SA_RESTART|SA_SIGINFO
SIGXFSZ: [libjvm.dylib+0x61e7db], sa_mask[0]=11111111111111111111111111111111, sa_flags=SA_RESTART|SA_SIGINFO
SIGILL: [libjvm.dylib+0x7b893a], sa_mask[0]=11111111111111111111111111111111, sa_flags=SA_RESTART|SA_SIGINFO
SIGUSR2: [libjvm.dylib+0x61edc3], sa_mask[0]=00100000000000000000000000000000, sa_flags=SA_RESTART|SA_SIGINFO
SIGHUP: [libjvm.dylib+0x61d909], sa_mask[0]=11111111111111111111111111111111, sa_flags=SA_RESTART|SA_SIGINFO
SIGINT: [libjvm.dylib+0x61d909], sa_mask[0]=11111111111111111111111111111111, sa_flags=SA_RESTART|SA_SIGINFO
SIGTERM: [libjvm.dylib+0x61d909], sa_mask[0]=11111111111111111111111111111111, sa_flags=SA_RESTART|SA_SIGINFO
SIGQUIT: [libjvm.dylib+0x61d909], sa_mask[0]=11111111111111111111111111111111, sa_flags=SA_RESTART|SA_SIGINFO


---------------  S Y S T E M  ---------------

OS:uname:Darwin 21.6.0 Darwin Kernel Version 21.6.0: Wed Aug 10 14:28:35 PDT 2022; root:xnu-8020.141.5~2/RELEASE_ARM64_T8101 x86_64
OS uptime: 11 days 16:48 hours
rlimit (soft/hard): STACK 8176k/65520k , CORE 0k/infinity , NPROC 1333/2000 , NOFILE 10240/infinity , AS infinity/infinity , CPU infinity/infinity , DATA infinity/infinity , FSIZE infinity/infinity , MEMLOCK infinity/infinity , RSS infinity/infinity
load average:1.93 1.84 1.70

CPU:total 8 (initial active 8) (1 cores per cpu, 1 threads per core) family 6 model 44 stepping 0 microcode 0x0, cmov, cx8, fxsr, mmx, sse, sse2, sse3, ssse3, sse4.1, sse4.2, popcnt, aes, clmul, tsc, tscinvbit, tscinv

Memory: 4k page, physical 8388608k(105440k free), swap 2097152k(1273024k free)

vm_info: OpenJDK 64-Bit Server VM (11.0.10+9) for bsd-amd64 JRE (11.0.10+9), built on Jan 20 2021 11:55:30 by "jenkins" with gcc 4.2.1 Compatible Apple LLVM 10.0.1 (clang-1001.0.46.4)

END.
